# JRE version: OpenJDK Runtime Environment Microsoft-8297089 (17.0.8.1+1) (build 17.0.8.1+1-LTS)
# Java VM: OpenJDK 64-Bit Server VM Microsoft-8297089 (17.0.8.1+1-LTS, mixed mode, sharing, tiered, compressed oops, compressed class ptrs, g1 gc, windows-amd64)
GC Precious Log:
 CPUs: 8 total, 8 available
 Memory: 16258M
 Large Page Support: Disabled
 NUMA Support: Disabled
 Compressed Oops: Enabled (32-bit)
 Heap Region Size: 1M
 Heap Min Capacity: 8M
 Heap Initial Capacity: 256M
 Heap Max Capacity: 2G
 Pre-touch: Disabled
 Parallel Workers: 8
 Concurrent Workers: 2
 Concurrent Refinement Workers: 8
 Periodic GC: Disabled
Heap:
 garbage-first heap   total 340992K, used 214934K [0x0000000080000000, 0x0000000100000000)
  region size 1024K, 28 young (28672K), 11 survivors (11264K)
 Metaspace       used 101899K, committed 102976K, reserved 557056K
  class space    used 14020K, committed 14528K, reserved 425984K
GC Heap History (20 events):
Event: 39.593 GC heap before
{Heap before GC invocations=46 (full 0):
 garbage-first heap   total 230400K, used 180657K [0x0000000080000000, 0x0000000100000000)
  region size 1024K, 44 young (45056K), 1 survivors (1024K)
 Metaspace       used 91440K, committed 92416K, reserved 557056K
  class space    used 12714K, committed 13184K, reserved 425984K
}
Event: 39.599 GC heap after
{Heap after GC invocations=47 (full 0):
 garbage-first heap   total 230400K, used 139231K [0x0000000080000000, 0x0000000100000000)
  region size 1024K, 4 young (4096K), 4 survivors (4096K)
 Metaspace       used 91440K, committed 92416K, reserved 557056K
  class space    used 12714K, committed 13184K, reserved 425984K
}
Event: 40.780 GC heap before
{Heap before GC invocations=48 (full 0):
 garbage-first heap   total 250880K, used 182239K [0x0000000080000000, 0x0000000100000000)
  region size 1024K, 46 young (47104K), 4 survivors (4096K)
 Metaspace       used 93833K, committed 94720K, reserved 557056K
  class space    used 13030K, committed 13504K, reserved 425984K
}
Event: 40.797 GC heap after
{Heap after GC invocations=49 (full 0):
 garbage-first heap   total 250880K, used 145252K [0x0000000080000000, 0x0000000100000000)
  region size 1024K, 6 young (6144K), 6 survivors (6144K)
 Metaspace       used 93833K, committed 94720K, reserved 557056K
  class space    used 13030K, committed 13504K, reserved 425984K
}
Event: 41.018 GC heap before
{Heap before GC invocations=49 (full 0):
 garbage-first heap   total 250880K, used 151396K [0x0000000080000000, 0x0000000100000000)
  region size 1024K, 12 young (12288K), 6 survivors (6144K)
 Metaspace       used 93915K, committed 94848K, reserved 557056K
  class space    used 13038K, committed 13504K, reserved 425984K
}
Event: 41.033 GC heap after
{Heap after GC invocations=50 (full 0):
 garbage-first heap   total 250880K, used 146892K [0x0000000080000000, 0x0000000100000000)
  region size 1024K, 2 young (2048K), 2 survivors (2048K)
 Metaspace       used 93915K, committed 94848K, reserved 557056K
  class space    used 13038K, committed 13504K, reserved 425984K
}
Event: 51.415 GC heap before
{Heap before GC invocations=50 (full 0):
 garbage-first heap   total 250880K, used 196044K [0x0000000080000000, 0x0000000100000000)
  region size 1024K, 50 young (51200K), 2 survivors (2048K)
 Metaspace       used 94571K, committed 95552K, reserved 557056K
  class space    used 13116K, committed 13568K, reserved 425984K
}
Event: 51.428 GC heap after
{Heap after GC invocations=51 (full 0):
 garbage-first heap   total 340992K, used 150545K [0x0000000080000000, 0x0000000100000000)
  region size 1024K, 6 young (6144K), 6 survivors (6144K)
 Metaspace       used 94571K, committed 95552K, reserved 557056K
  class space    used 13116K, committed 13568K, reserved 425984K
}
Event: 58.897 GC heap before
{Heap before GC invocations=52 (full 0):
 garbage-first heap   total 340992K, used 244753K [0x0000000080000000, 0x0000000100000000)
  region size 1024K, 99 young (101376K), 6 survivors (6144K)
 Metaspace       used 97279K, committed 98368K, reserved 557056K
  class space    used 13526K, committed 14016K, reserved 425984K
}
Event: 58.929 GC heap after
{Heap after GC invocations=53 (full 0):
 garbage-first heap   total 340992K, used 164271K [0x0000000080000000, 0x0000000100000000)
  region size 1024K, 13 young (13312K), 13 survivors (13312K)
 Metaspace       used 97279K, committed 98368K, reserved 557056K
  class space    used 13526K, committed 14016K, reserved 425984K
}
Event: 59.048 GC heap before
{Heap before GC invocations=53 (full 0):
 garbage-first heap   total 340992K, used 167343K [0x0000000080000000, 0x0000000100000000)
  region size 1024K, 16 young (16384K), 13 survivors (13312K)
 Metaspace       used 97478K, committed 98560K, reserved 557056K
  class space    used 13550K, committed 14016K, reserved 425984K
}
Event: 59.074 GC heap after
{Heap after GC invocations=54 (full 0):
 garbage-first heap   total 340992K, used 165581K [0x0000000080000000, 0x0000000100000000)
  region size 1024K, 2 young (2048K), 2 survivors (2048K)
 Metaspace       used 97478K, committed 98560K, reserved 557056K
  class space    used 13550K, committed 14016K, reserved 425984K
}
Event: 62.281 GC heap before
{Heap before GC invocations=54 (full 0):
 garbage-first heap   total 340992K, used 254669K [0x0000000080000000, 0x0000000100000000)
  region size 1024K, 89 young (91136K), 2 survivors (2048K)
 Metaspace       used 100266K, committed 101440K, reserved 557056K
  class space    used 13854K, committed 14400K, reserved 425984K
}
Event: 62.306 GC heap after
{Heap after GC invocations=55 (full 0):
 garbage-first heap   total 340992K, used 178469K [0x0000000080000000, 0x0000000100000000)
  region size 1024K, 12 young (12288K), 12 survivors (12288K)
 Metaspace       used 100266K, committed 101440K, reserved 557056K
  class space    used 13854K, committed 14400K, reserved 425984K
}
Event: 63.578 GC heap before
{Heap before GC invocations=55 (full 0):
 garbage-first heap   total 340992K, used 260389K [0x0000000080000000, 0x0000000100000000)
  region size 1024K, 93 young (95232K), 12 survivors (12288K)
 Metaspace       used 100848K, committed 101952K, reserved 557056K
  class space    used 13905K, committed 14400K, reserved 425984K
}
Event: 63.604 GC heap after
{Heap after GC invocations=56 (full 0):
 garbage-first heap   total 340992K, used 186497K [0x0000000080000000, 0x0000000100000000)
  region size 1024K, 8 young (8192K), 8 survivors (8192K)
 Metaspace       used 100848K, committed 101952K, reserved 557056K
  class space    used 13905K, committed 14400K, reserved 425984K
}
Event: 65.167 GC heap before
{Heap before GC invocations=56 (full 0):
 garbage-first heap   total 340992K, used 282753K [0x0000000080000000, 0x0000000100000000)
  region size 1024K, 87 young (89088K), 8 survivors (8192K)
 Metaspace       used 101082K, committed 102144K, reserved 557056K
  class space    used 13922K, committed 14464K, reserved 425984K
}
Event: 65.181 GC heap after
{Heap after GC invocations=57 (full 0):
 garbage-first heap   total 340992K, used 194452K [0x0000000080000000, 0x0000000100000000)
  region size 1024K, 6 young (6144K), 6 survivors (6144K)
 Metaspace       used 101082K, committed 102144K, reserved 557056K
  class space    used 13922K, committed 14464K, reserved 425984K
}
Event: 66.241 GC heap before
{Heap before GC invocations=57 (full 0):
 garbage-first heap   total 340992K, used 281492K [0x0000000080000000, 0x0000000100000000)
  region size 1024K, 84 young (86016K), 6 survivors (6144K)
 Metaspace       used 101522K, committed 102592K, reserved 557056K
  class space    used 13984K, committed 14528K, reserved 425984K
}
Event: 66.259 GC heap after
{Heap after GC invocations=58 (full 0):
 garbage-first heap   total 340992K, used 198550K [0x0000000080000000, 0x0000000100000000)
  region size 1024K, 11 young (11264K), 11 survivors (11264K)
 Metaspace       used 101522K, committed 102592K, reserved 557056K
  class space    used 13984K, committed 14528K, reserved 425984K
}

